[2025-07-17T01:34:59.347Z] [INFO] [ANTIVIRUS] File scanned successfully | userId=0f0ef7e6-11ef-466c-b404-15914b22381e | file={filename=Z tlapa (9).jpg, size=46136, mimeType=image/jpeg} | security={threats=[], scanTime=42ms}
[2025-07-17T01:34:59.422Z] [INFO] [ANTIVIRUS] File scanned successfully | userId=0f0ef7e6-11ef-466c-b404-15914b22381e | file={filename=241211 Certificado JIRA.png, size=113239, mimeType=image/png} | security={threats=[], scanTime=16ms}
[2025-07-17T01:34:59.451Z] [INFO] [ANTIVIRUS] File scanned successfully | userId=0f0ef7e6-11ef-466c-b404-15914b22381e | file={filename=250509 Constancia de Situación Fiscal David Gutierrez.pdf, size=140261, mimeType=application/pdf} | security={threats=[], scanTime=15ms}
[2025-07-17T01:34:59.605Z] [INFO] [ANTIVIRUS] File scanned successfully | userId=0f0ef7e6-11ef-466c-b404-15914b22381e | file={filename=Z tlapa (8).jpg, size=39435, mimeType=image/jpeg} | security={threats=[], scanTime=42ms}
[2025-07-17T01:34:59.641Z] [INFO] [ANTIVIRUS] File scanned successfully | userId=0f0ef7e6-11ef-466c-b404-15914b22381e | file={filename=Mi Familia (1).jpg, size=83021, mimeType=image/jpeg} | security={threats=[], scanTime=43ms}
[2025-07-17T01:35:00.708Z] [INFO] [ANTIVIRUS] File scanned successfully | userId=0f0ef7e6-11ef-466c-b404-15914b22381e | file={filename=Foto_de_perfil_David_Gtz-removebg (1).png, size=490731, mimeType=image/png} | security={threats=[], scanTime=59ms}
[2025-07-17T01:35:01.187Z] [INFO] [ANTIVIRUS] File scanned successfully | userId=0f0ef7e6-11ef-466c-b404-15914b22381e | file={filename=IMG_0703.JPG, size=1568114, mimeType=image/jpeg} | security={threats=[], scanTime=273ms}
[2025-07-17T01:35:02.072Z] [INFO] [ANTIVIRUS] File scanned successfully | userId=0f0ef7e6-11ef-466c-b404-15914b22381e | file={filename=Foto_de_perfil_David_Gtz-removebg.png, size=485457, mimeType=image/png} | security={threats=[], scanTime=11ms}
[2025-07-17T02:47:07.454Z] [INFO] [ANTIVIRUS] File scanned successfully | userId=0f0ef7e6-11ef-466c-b404-15914b22381e | file={filename=241211 Certificado JIRA.png, size=113239, mimeType=image/png} | security={threats=[], scanTime=44ms}
[2025-07-17T02:47:07.719Z] [INFO] [ANTIVIRUS] File scanned successfully | userId=0f0ef7e6-11ef-466c-b404-15914b22381e | file={filename=250509 Constancia de Situación Fiscal David Gutierrez.pdf, size=140261, mimeType=application/pdf} | security={threats=[], scanTime=76ms}
[2025-07-17T02:47:07.862Z] [INFO] [ANTIVIRUS] File scanned successfully | userId=0f0ef7e6-11ef-466c-b404-15914b22381e | file={filename=20180913_210538.png, size=78523, mimeType=image/png} | security={threats=[], scanTime=12ms}
[2025-07-17T02:47:07.991Z] [INFO] [ANTIVIRUS] File scanned successfully | userId=0f0ef7e6-11ef-466c-b404-15914b22381e | file={filename=Certificación PMP David Gutierrez.png, size=179383, mimeType=image/png} | security={threats=[], scanTime=105ms}
[2025-07-17T02:47:08.032Z] [INFO] [ANTIVIRUS] File scanned successfully | userId=0f0ef7e6-11ef-466c-b404-15914b22381e | file={filename=FB_IMG_1539010025918.jpg, size=55592, mimeType=image/jpeg} | security={threats=[], scanTime=6ms}
[2025-07-17T02:47:08.137Z] [INFO] [ANTIVIRUS] File scanned successfully | userId=0f0ef7e6-11ef-466c-b404-15914b22381e | file={filename=Imagen Bineo.png, size=159746, mimeType=image/png} | security={threats=[], scanTime=52ms}
[2025-07-17T02:47:08.276Z] [INFO] [ANTIVIRUS] File scanned successfully | userId=0f0ef7e6-11ef-466c-b404-15914b22381e | file={filename=Certificación SAFe 5 Scrum Master David Gutierrez.png, size=186468, mimeType=image/png} | security={threats=[], scanTime=84ms}
[2025-07-17T02:47:08.314Z] [INFO] [ANTIVIRUS] File scanned successfully | userId=0f0ef7e6-11ef-466c-b404-15914b22381e | file={filename=Foto_de_perfil_David_Gtz-removebg.png, size=485457, mimeType=image/png} | security={threats=[], scanTime=72ms}
[2025-07-20T04:29:32.541Z] [INFO] [ANTIVIRUS] File scanned successfully | userId=0f0ef7e6-11ef-466c-b404-15914b22381e | file={filename=Certificación PMP David Gutierrez.png, size=179383, mimeType=image/png} | security={threats=[], scanTime=94ms}
[2025-07-20T04:29:32.673Z] [INFO] [ANTIVIRUS] File scanned successfully | userId=0f0ef7e6-11ef-466c-b404-15914b22381e | file={filename=Imagen Bineo.png, size=159746, mimeType=image/png} | security={threats=[], scanTime=98ms}
[2025-07-20T04:29:32.679Z] [INFO] [ANTIVIRUS] File scanned successfully | userId=0f0ef7e6-11ef-466c-b404-15914b22381e | file={filename=241211 Certificado JIRA.png, size=113239, mimeType=image/png} | security={threats=[], scanTime=28ms}
[2025-07-20T04:29:33.111Z] [INFO] [ANTIVIRUS] File scanned successfully | userId=0f0ef7e6-11ef-466c-b404-15914b22381e | file={filename=Cover Letter David Gutierrez.pdf, size=153690, mimeType=application/pdf} | security={threats=[], scanTime=33ms}
[2025-07-20T04:44:38.445Z] [INFO] [ANTIVIRUS] File scanned successfully | userId=0f0ef7e6-11ef-466c-b404-15914b22381e | file={filename=Imagen Bineo.png, size=159746, mimeType=image/png} | security={threats=[], scanTime=9ms}
[2025-07-20T05:03:37.032Z] [INFO] [ANTIVIRUS] File scanned successfully | userId=0f0ef7e6-11ef-466c-b404-15914b22381e | file={filename=FB_IMG_1701630886842.jpg, size=30543, mimeType=image/jpeg} | security={threats=[], scanTime=25ms}
[2025-07-20T05:03:37.036Z] [INFO] [ANTIVIRUS] File scanned successfully | userId=0f0ef7e6-11ef-466c-b404-15914b22381e | file={filename=FB_IMG_1701069926965.jpg, size=38210, mimeType=image/jpeg} | security={threats=[], scanTime=25ms}
[2025-07-20T05:03:37.437Z] [INFO] [ANTIVIRUS] File scanned successfully | userId=0f0ef7e6-11ef-466c-b404-15914b22381e | file={filename=20180913_210538.png, size=78523, mimeType=image/png} | security={threats=[], scanTime=20ms}
[2025-07-20T07:29:02.757Z] [INFO] [ANTIVIRUS] File scanned successfully | userId=0f0ef7e6-11ef-466c-b404-15914b22381e | file={filename=FB_IMG_1539913059790.jpg, size=35142, mimeType=image/jpeg} | security={threats=[], scanTime=12ms}
[2025-07-20T07:29:02.960Z] [INFO] [ANTIVIRUS] File scanned successfully | userId=0f0ef7e6-11ef-466c-b404-15914b22381e | file={filename=FB_IMG_1702076019659.jpg, size=39666, mimeType=image/jpeg} | security={threats=[], scanTime=15ms}
[2025-07-20T07:29:02.965Z] [INFO] [ANTIVIRUS] File scanned successfully | userId=0f0ef7e6-11ef-466c-b404-15914b22381e | file={filename=FB_IMG_1539010025918.jpg, size=55592, mimeType=image/jpeg} | security={threats=[], scanTime=19ms}
[2025-07-20T07:29:03.767Z] [INFO] [ANTIVIRUS] File scanned successfully | userId=0f0ef7e6-11ef-466c-b404-15914b22381e | file={filename=20180913_210538.png, size=78523, mimeType=image/png} | security={threats=[], scanTime=37ms}
[2025-07-20T07:29:04.910Z] [INFO] [ANTIVIRUS] File scanned successfully | userId=0f0ef7e6-11ef-466c-b404-15914b22381e | file={filename=Certificación SAFe 5 Scrum Master David Gutierrez.png, size=186468, mimeType=image/png} | security={threats=[], scanTime=40ms}
[2025-07-20T07:40:41.916Z] [INFO] [ANTIVIRUS] File scanned successfully | userId=0f0ef7e6-11ef-466c-b404-15914b22381e | file={filename=FB_IMG_1701069926965.jpg, size=38210, mimeType=image/jpeg} | security={threats=[], scanTime=14ms}
[2025-07-20T07:40:42.011Z] [INFO] [ANTIVIRUS] File scanned successfully | userId=0f0ef7e6-11ef-466c-b404-15914b22381e | file={filename=FB_IMG_1701438023007.jpg, size=66673, mimeType=image/jpeg} | security={threats=[], scanTime=16ms}
[2025-07-20T07:40:42.111Z] [INFO] [ANTIVIRUS] File scanned successfully | userId=0f0ef7e6-11ef-466c-b404-15914b22381e | file={filename=20180913_210538.png, size=78523, mimeType=image/png} | security={threats=[], scanTime=23ms}
[2025-07-20T07:40:42.115Z] [INFO] [ANTIVIRUS] File scanned successfully | userId=0f0ef7e6-11ef-466c-b404-15914b22381e | file={filename=FB_IMG_1701402999390.jpg, size=97651, mimeType=image/jpeg} | security={threats=[], scanTime=20ms}
[2025-07-20T07:40:42.207Z] [INFO] [ANTIVIRUS] File scanned successfully | userId=0f0ef7e6-11ef-466c-b404-15914b22381e | file={filename=241211 Certificado JIRA.png, size=113239, mimeType=image/png} | security={threats=[], scanTime=23ms}
[2025-07-22T04:35:24.314Z] [INFO] [ANTIVIRUS] File scanned successfully | userId=0f0ef7e6-11ef-466c-b404-15914b22381e | file={filename=FB_IMG_1702076019659.jpg, size=39666, mimeType=image/jpeg} | security={threats=[], scanTime=41ms}
[2025-07-22T04:35:24.425Z] [INFO] [ANTIVIRUS] File scanned successfully | userId=0f0ef7e6-11ef-466c-b404-15914b22381e | file={filename=FB_IMG_1539010025918.jpg, size=55592, mimeType=image/jpeg} | security={threats=[], scanTime=41ms}
[2025-07-22T04:35:24.497Z] [INFO] [ANTIVIRUS] File scanned successfully | userId=0f0ef7e6-11ef-466c-b404-15914b22381e | file={filename=FB_IMG_1701069926965.jpg, size=38210, mimeType=image/jpeg} | security={threats=[], scanTime=35ms}
[2025-07-22T04:35:24.563Z] [INFO] [ANTIVIRUS] File scanned successfully | userId=0f0ef7e6-11ef-466c-b404-15914b22381e | file={filename=FB_IMG_1701402999390.jpg, size=97651, mimeType=image/jpeg} | security={threats=[], scanTime=47ms}
[2025-07-22T04:35:24.633Z] [INFO] [ANTIVIRUS] File scanned successfully | userId=0f0ef7e6-11ef-466c-b404-15914b22381e | file={filename=241211 Certificado JIRA.png, size=113239, mimeType=image/png} | security={threats=[], scanTime=40ms}
[2025-07-22T04:35:24.778Z] [INFO] [ANTIVIRUS] File scanned successfully | userId=0f0ef7e6-11ef-466c-b404-15914b22381e | file={filename=IMG-20170604-WA0000.jpg, size=164699, mimeType=image/jpeg} | security={threats=[], scanTime=46ms}
[2025-08-09T00:54:24.364Z] [INFO] [ANTIVIRUS] File scanned successfully | userId=6bcb7f95-a67a-4abe-ab3a-905f3abaa656 | file={filename=241211 Certificado JIRA.png, size=113239, mimeType=image/png} | security={threats=[], scanTime=19ms}
[2025-08-09T00:54:24.706Z] [INFO] [ANTIVIRUS] File scanned successfully | userId=6bcb7f95-a67a-4abe-ab3a-905f3abaa656 | file={filename=20180913_210538.png, size=78523, mimeType=image/png} | security={threats=[], scanTime=5ms}
[2025-08-09T00:54:24.994Z] [INFO] [ANTIVIRUS] File scanned successfully | userId=6bcb7f95-a67a-4abe-ab3a-905f3abaa656 | file={filename=FB_IMG_1539010025918.jpg, size=55592, mimeType=image/jpeg} | security={threats=[], scanTime=7ms}
[2025-08-09T00:54:25.290Z] [INFO] [ANTIVIRUS] File scanned successfully | userId=6bcb7f95-a67a-4abe-ab3a-905f3abaa656 | file={filename=FB_IMG_1539913059790.jpg, size=35142, mimeType=image/jpeg} | security={threats=[], scanTime=8ms}
[2025-08-09T00:54:25.806Z] [INFO] [ANTIVIRUS] File scanned successfully | userId=6bcb7f95-a67a-4abe-ab3a-905f3abaa656 | file={filename=Certificación SAFe 5 Scrum Master David Gutierrez.png, size=186468, mimeType=image/png} | security={threats=[], scanTime=8ms}
[2025-08-09T00:54:26.074Z] [INFO] [ANTIVIRUS] File scanned successfully | userId=6bcb7f95-a67a-4abe-ab3a-905f3abaa656 | file={filename=FB_IMG_1701069926965.jpg, size=38210, mimeType=image/jpeg} | security={threats=[], scanTime=4ms}
[2025-08-09T00:54:26.434Z] [INFO] [ANTIVIRUS] File scanned successfully | userId=6bcb7f95-a67a-4abe-ab3a-905f3abaa656 | file={filename=FB_IMG_1701402999390.jpg, size=97651, mimeType=image/jpeg} | security={threats=[], scanTime=6ms}
[2025-08-09T00:54:26.732Z] [INFO] [ANTIVIRUS] File scanned successfully | userId=6bcb7f95-a67a-4abe-ab3a-905f3abaa656 | file={filename=FB_IMG_1701438023007.jpg, size=66673, mimeType=image/jpeg} | security={threats=[], scanTime=5ms}
[2025-08-09T05:12:32.344Z] [INFO] [ANTIVIRUS] File scanned successfully | userId=6bcb7f95-a67a-4abe-ab3a-905f3abaa656 | file={filename=241211 Certificado JIRA.png, size=113239, mimeType=image/png} | security={threats=[], scanTime=33ms}
[2025-08-09T05:12:32.610Z] [INFO] [ANTIVIRUS] File scanned successfully | userId=6bcb7f95-a67a-4abe-ab3a-905f3abaa656 | file={filename=Foto de perfil David Gtz.jpg, size=55829, mimeType=image/jpeg} | security={threats=[], scanTime=5ms}
[2025-08-09T05:12:33.497Z] [INFO] [ANTIVIRUS] File scanned successfully | userId=6bcb7f95-a67a-4abe-ab3a-905f3abaa656 | file={filename=Foto_de_perfil_David_Gtz-removebg (1).png, size=490731, mimeType=image/png} | security={threats=[], scanTime=11ms}
[2025-08-09T05:12:34.247Z] [INFO] [ANTIVIRUS] File scanned successfully | userId=6bcb7f95-a67a-4abe-ab3a-905f3abaa656 | file={filename=Foto_de_perfil_David_Gtz-removebg.png, size=485457, mimeType=image/png} | security={threats=[], scanTime=6ms}
[2025-08-09T05:12:34.741Z] [INFO] [ANTIVIRUS] File scanned successfully | userId=6bcb7f95-a67a-4abe-ab3a-905f3abaa656 | file={filename=Imagen Bineo.png, size=159746, mimeType=image/png} | security={threats=[], scanTime=7ms}
[2025-08-09T05:12:35.161Z] [INFO] [ANTIVIRUS] File scanned successfully | userId=6bcb7f95-a67a-4abe-ab3a-905f3abaa656 | file={filename=Certificación PMP David Gutierrez.png, size=179383, mimeType=image/png} | security={threats=[], scanTime=8ms}
[2025-08-09T05:12:35.688Z] [INFO] [ANTIVIRUS] File scanned successfully | userId=6bcb7f95-a67a-4abe-ab3a-905f3abaa656 | file={filename=FB_IMG_1701402999390.jpg, size=97651, mimeType=image/jpeg} | security={threats=[], scanTime=6ms}
[2025-08-09T05:12:35.970Z] [INFO] [ANTIVIRUS] File scanned successfully | userId=6bcb7f95-a67a-4abe-ab3a-905f3abaa656 | file={filename=FB_IMG_1701438023007.jpg, size=66673, mimeType=image/jpeg} | security={threats=[], scanTime=6ms}
[2025-08-09T05:24:55.745Z] [INFO] [ANTIVIRUS] File scanned successfully | userId=6bcb7f95-a67a-4abe-ab3a-905f3abaa656 | file={filename=241211 Certificado JIRA.png, size=113239, mimeType=image/png} | security={threats=[], scanTime=13ms}
[2025-08-09T05:24:56.488Z] [INFO] [ANTIVIRUS] File scanned successfully | userId=6bcb7f95-a67a-4abe-ab3a-905f3abaa656 | file={filename=David Gtz 1.jpeg, size=79057, mimeType=image/jpeg} | security={threats=[], scanTime=8ms}
[2025-08-09T05:24:57.085Z] [INFO] [ANTIVIRUS] File scanned successfully | userId=6bcb7f95-a67a-4abe-ab3a-905f3abaa656 | file={filename=Foto de perfil David Gtz.jpg, size=55829, mimeType=image/jpeg} | security={threats=[], scanTime=7ms}
[2025-08-09T05:25:00.684Z] [INFO] [ANTIVIRUS] File scanned successfully | userId=6bcb7f95-a67a-4abe-ab3a-905f3abaa656 | file={filename=Foto_de_perfil_David_Gtz-removebg (1).png, size=490731, mimeType=image/png} | security={threats=[], scanTime=8ms}
[2025-08-09T05:25:08.856Z] [INFO] [ANTIVIRUS] File scanned successfully | userId=6bcb7f95-a67a-4abe-ab3a-905f3abaa656 | file={filename=Foto_de_perfil_David_Gtz-removebg.png, size=485457, mimeType=image/png} | security={threats=[], scanTime=3ms}
[2025-08-09T05:25:10.627Z] [INFO] [ANTIVIRUS] File scanned successfully | userId=6bcb7f95-a67a-4abe-ab3a-905f3abaa656 | file={filename=Certificación SAFe 5 Scrum Master David Gutierrez.png, size=186468, mimeType=image/png} | security={threats=[], scanTime=10ms}
[2025-08-09T05:25:11.162Z] [INFO] [ANTIVIRUS] File scanned successfully | userId=6bcb7f95-a67a-4abe-ab3a-905f3abaa656 | file={filename=FB_IMG_1701069926965.jpg, size=38210, mimeType=image/jpeg} | security={threats=[], scanTime=9ms}
[2025-08-09T05:25:12.406Z] [INFO] [ANTIVIRUS] File scanned successfully | userId=6bcb7f95-a67a-4abe-ab3a-905f3abaa656 | file={filename=FB_IMG_1701402999390.jpg, size=97651, mimeType=image/jpeg} | security={threats=[], scanTime=8ms}
[2025-08-09T05:25:13.273Z] [INFO] [ANTIVIRUS] File scanned successfully | userId=6bcb7f95-a67a-4abe-ab3a-905f3abaa656 | file={filename=FB_IMG_1701438023007.jpg, size=66673, mimeType=image/jpeg} | security={threats=[], scanTime=7ms}
[2025-08-09T05:29:42.271Z] [INFO] [ANTIVIRUS] File scanned successfully | userId=6bcb7f95-a67a-4abe-ab3a-905f3abaa656 | file={filename=241211 Certificado JIRA.png, size=113239, mimeType=image/png} | security={threats=[], scanTime=16ms}
[2025-08-09T05:29:42.543Z] [INFO] [ANTIVIRUS] File scanned successfully | userId=6bcb7f95-a67a-4abe-ab3a-905f3abaa656 | file={filename=Foto de perfil David Gtz.jpg, size=55829, mimeType=image/jpeg} | security={threats=[], scanTime=6ms}
[2025-08-09T05:29:43.361Z] [INFO] [ANTIVIRUS] File scanned successfully | userId=6bcb7f95-a67a-4abe-ab3a-905f3abaa656 | file={filename=Foto_de_perfil_David_Gtz-removebg (1).png, size=490731, mimeType=image/png} | security={threats=[], scanTime=10ms}
[2025-08-09T05:29:44.296Z] [INFO] [ANTIVIRUS] File scanned successfully | userId=6bcb7f95-a67a-4abe-ab3a-905f3abaa656 | file={filename=Foto_de_perfil_David_Gtz-removebg.png, size=485457, mimeType=image/png} | security={threats=[], scanTime=16ms}
[2025-08-09T05:29:44.756Z] [INFO] [ANTIVIRUS] File scanned successfully | userId=6bcb7f95-a67a-4abe-ab3a-905f3abaa656 | file={filename=Certificación SAFe 5 Scrum Master David Gutierrez.png, size=186468, mimeType=image/png} | security={threats=[], scanTime=8ms}
[2025-08-09T05:29:45.065Z] [INFO] [ANTIVIRUS] File scanned successfully | userId=6bcb7f95-a67a-4abe-ab3a-905f3abaa656 | file={filename=20180913_210538.png, size=78523, mimeType=image/png} | security={threats=[], scanTime=7ms}
[2025-08-09T05:29:45.331Z] [INFO] [ANTIVIRUS] File scanned successfully | userId=6bcb7f95-a67a-4abe-ab3a-905f3abaa656 | file={filename=FB_IMG_1539010025918.jpg, size=55592, mimeType=image/jpeg} | security={threats=[], scanTime=8ms}
[2025-08-09T05:29:45.601Z] [INFO] [ANTIVIRUS] File scanned successfully | userId=6bcb7f95-a67a-4abe-ab3a-905f3abaa656 | file={filename=FB_IMG_1539913059790.jpg, size=35142, mimeType=image/jpeg} | security={threats=[], scanTime=10ms}
[2025-08-09T05:37:38.987Z] [INFO] [ANTIVIRUS] File scanned successfully | userId=6bcb7f95-a67a-4abe-ab3a-905f3abaa656 | file={filename=241211 Certificado JIRA.png, size=113239, mimeType=image/png} | security={threats=[], scanTime=8ms}
[2025-08-09T05:37:39.292Z] [INFO] [ANTIVIRUS] File scanned successfully | userId=6bcb7f95-a67a-4abe-ab3a-905f3abaa656 | file={filename=David Gtz 1.jpeg, size=79057, mimeType=image/jpeg} | security={threats=[], scanTime=7ms}
[2025-08-09T05:37:39.578Z] [INFO] [ANTIVIRUS] File scanned successfully | userId=6bcb7f95-a67a-4abe-ab3a-905f3abaa656 | file={filename=Foto de perfil David Gtz.jpg, size=55829, mimeType=image/jpeg} | security={threats=[], scanTime=8ms}
[2025-08-09T05:37:40.178Z] [INFO] [ANTIVIRUS] File scanned successfully | userId=6bcb7f95-a67a-4abe-ab3a-905f3abaa656 | file={filename=Foto_de_perfil_David_Gtz-removebg (1).png, size=490731, mimeType=image/png} | security={threats=[], scanTime=7ms}
[2025-08-09T05:37:40.957Z] [INFO] [ANTIVIRUS] File scanned successfully | userId=6bcb7f95-a67a-4abe-ab3a-905f3abaa656 | file={filename=Foto_de_perfil_David_Gtz-removebg.png, size=485457, mimeType=image/png} | security={threats=[], scanTime=7ms}
[2025-08-09T05:37:41.477Z] [INFO] [ANTIVIRUS] File scanned successfully | userId=6bcb7f95-a67a-4abe-ab3a-905f3abaa656 | file={filename=Certificación SAFe 5 Scrum Master David Gutierrez.png, size=186468, mimeType=image/png} | security={threats=[], scanTime=7ms}
[2025-08-09T05:37:41.748Z] [INFO] [ANTIVIRUS] File scanned successfully | userId=6bcb7f95-a67a-4abe-ab3a-905f3abaa656 | file={filename=20180913_210538.png, size=78523, mimeType=image/png} | security={threats=[], scanTime=7ms}
[2025-08-09T05:37:42.022Z] [INFO] [ANTIVIRUS] File scanned successfully | userId=6bcb7f95-a67a-4abe-ab3a-905f3abaa656 | file={filename=FB_IMG_1539010025918.jpg, size=55592, mimeType=image/jpeg} | security={threats=[], scanTime=9ms}
[2025-08-09T05:37:42.411Z] [INFO] [ANTIVIRUS] File scanned successfully | userId=6bcb7f95-a67a-4abe-ab3a-905f3abaa656 | file={filename=FB_IMG_1539913059790.jpg, size=35142, mimeType=image/jpeg} | security={threats=[], scanTime=7ms}
[2025-08-09T06:23:19.106Z] [INFO] [ANTIVIRUS] File scanned successfully | userId=6bcb7f95-a67a-4abe-ab3a-905f3abaa656 | file={filename=241211 Certificado JIRA.png, size=113239, mimeType=image/png} | security={threats=[], scanTime=13ms}
[2025-08-09T06:23:19.857Z] [INFO] [ANTIVIRUS] File scanned successfully | userId=6bcb7f95-a67a-4abe-ab3a-905f3abaa656 | file={filename=David Gtz 1.jpeg, size=79057, mimeType=image/jpeg} | security={threats=[], scanTime=7ms}
[2025-08-09T06:23:20.563Z] [INFO] [ANTIVIRUS] File scanned successfully | userId=6bcb7f95-a67a-4abe-ab3a-905f3abaa656 | file={filename=Foto de perfil David Gtz.jpg, size=55829, mimeType=image/jpeg} | security={threats=[], scanTime=9ms}
[2025-08-09T06:23:24.415Z] [INFO] [ANTIVIRUS] File scanned successfully | userId=6bcb7f95-a67a-4abe-ab3a-905f3abaa656 | file={filename=Foto_de_perfil_David_Gtz-removebg (1).png, size=490731, mimeType=image/png} | security={threats=[], scanTime=8ms}
[2025-08-09T06:23:31.197Z] [INFO] [ANTIVIRUS] File scanned successfully | userId=6bcb7f95-a67a-4abe-ab3a-905f3abaa656 | file={filename=Foto_de_perfil_David_Gtz-removebg.png, size=485457, mimeType=image/png} | security={threats=[], scanTime=9ms}
[2025-08-09T06:23:32.785Z] [INFO] [ANTIVIRUS] File scanned successfully | userId=6bcb7f95-a67a-4abe-ab3a-905f3abaa656 | file={filename=Certificación SAFe 5 Scrum Master David Gutierrez.png, size=186468, mimeType=image/png} | security={threats=[], scanTime=9ms}
[2025-08-09T06:23:33.532Z] [INFO] [ANTIVIRUS] File scanned successfully | userId=6bcb7f95-a67a-4abe-ab3a-905f3abaa656 | file={filename=20180913_210538.png, size=78523, mimeType=image/png} | security={threats=[], scanTime=9ms}
[2025-08-09T06:23:34.142Z] [INFO] [ANTIVIRUS] File scanned successfully | userId=6bcb7f95-a67a-4abe-ab3a-905f3abaa656 | file={filename=FB_IMG_1539010025918.jpg, size=55592, mimeType=image/jpeg} | security={threats=[], scanTime=4ms}
[2025-08-09T06:23:34.662Z] [INFO] [ANTIVIRUS] File scanned successfully | userId=6bcb7f95-a67a-4abe-ab3a-905f3abaa656 | file={filename=FB_IMG_1539913059790.jpg, size=35142, mimeType=image/jpeg} | security={threats=[], scanTime=4ms}
[2025-08-09T06:37:03.825Z] [INFO] [ANTIVIRUS] File scanned successfully | userId=6bcb7f95-a67a-4abe-ab3a-905f3abaa656 | file={filename=241211 Certificado JIRA.png, size=113239, mimeType=image/png} | security={threats=[], scanTime=24ms}
[2025-08-09T06:37:04.110Z] [INFO] [ANTIVIRUS] File scanned successfully | userId=6bcb7f95-a67a-4abe-ab3a-905f3abaa656 | file={filename=David Gtz 1.jpeg, size=79057, mimeType=image/jpeg} | security={threats=[], scanTime=8ms}
[2025-08-09T06:37:04.399Z] [INFO] [ANTIVIRUS] File scanned successfully | userId=6bcb7f95-a67a-4abe-ab3a-905f3abaa656 | file={filename=Foto de perfil David Gtz.jpg, size=55829, mimeType=image/jpeg} | security={threats=[], scanTime=5ms}
[2025-08-09T06:37:05.252Z] [INFO] [ANTIVIRUS] File scanned successfully | userId=6bcb7f95-a67a-4abe-ab3a-905f3abaa656 | file={filename=Foto_de_perfil_David_Gtz-removebg (1).png, size=490731, mimeType=image/png} | security={threats=[], scanTime=7ms}
[2025-08-09T06:37:06.745Z] [INFO] [ANTIVIRUS] File scanned successfully | userId=6bcb7f95-a67a-4abe-ab3a-905f3abaa656 | file={filename=Foto_de_perfil_David_Gtz-removebg.png, size=485457, mimeType=image/png} | security={threats=[], scanTime=5ms}
[2025-08-09T06:37:07.233Z] [INFO] [ANTIVIRUS] File scanned successfully | userId=6bcb7f95-a67a-4abe-ab3a-905f3abaa656 | file={filename=Certificación SAFe 5 Scrum Master David Gutierrez.png, size=186468, mimeType=image/png} | security={threats=[], scanTime=4ms}
[2025-08-09T06:37:07.535Z] [INFO] [ANTIVIRUS] File scanned successfully | userId=6bcb7f95-a67a-4abe-ab3a-905f3abaa656 | file={filename=20180913_210538.png, size=78523, mimeType=image/png} | security={threats=[], scanTime=4ms}
[2025-08-09T06:37:07.784Z] [INFO] [ANTIVIRUS] File scanned successfully | userId=6bcb7f95-a67a-4abe-ab3a-905f3abaa656 | file={filename=FB_IMG_1539010025918.jpg, size=55592, mimeType=image/jpeg} | security={threats=[], scanTime=4ms}
[2025-08-09T06:37:08.046Z] [INFO] [ANTIVIRUS] File scanned successfully | userId=6bcb7f95-a67a-4abe-ab3a-905f3abaa656 | file={filename=FB_IMG_1539913059790.jpg, size=35142, mimeType=image/jpeg} | security={threats=[], scanTime=10ms}
[2025-08-09T06:54:16.877Z] [INFO] [ANTIVIRUS] File scanned successfully | userId=6bcb7f95-a67a-4abe-ab3a-905f3abaa656 | file={filename=241211 Certificado JIRA.png, size=113239, mimeType=image/png} | security={threats=[], scanTime=12ms}
[2025-08-09T06:54:17.168Z] [INFO] [ANTIVIRUS] File scanned successfully | userId=6bcb7f95-a67a-4abe-ab3a-905f3abaa656 | file={filename=David Gtz 1.jpeg, size=79057, mimeType=image/jpeg} | security={threats=[], scanTime=9ms}
[2025-08-09T06:54:17.422Z] [INFO] [ANTIVIRUS] File scanned successfully | userId=6bcb7f95-a67a-4abe-ab3a-905f3abaa656 | file={filename=Foto de perfil David Gtz.jpg, size=55829, mimeType=image/jpeg} | security={threats=[], scanTime=11ms}
[2025-08-09T06:54:18.159Z] [INFO] [ANTIVIRUS] File scanned successfully | userId=6bcb7f95-a67a-4abe-ab3a-905f3abaa656 | file={filename=Foto_de_perfil_David_Gtz-removebg (1).png, size=490731, mimeType=image/png} | security={threats=[], scanTime=6ms}
[2025-08-09T06:54:34.509Z] [INFO] [ANTIVIRUS] File scanned successfully | userId=6bcb7f95-a67a-4abe-ab3a-905f3abaa656 | file={filename=Foto_de_perfil_David_Gtz-removebg.png, size=485457, mimeType=image/png} | security={threats=[], scanTime=7ms}
[2025-08-09T06:54:35.277Z] [INFO] [ANTIVIRUS] File scanned successfully | userId=6bcb7f95-a67a-4abe-ab3a-905f3abaa656 | file={filename=Certificación SAFe 5 Scrum Master David Gutierrez.png, size=186468, mimeType=image/png} | security={threats=[], scanTime=7ms}
[2025-08-09T06:54:35.617Z] [INFO] [ANTIVIRUS] File scanned successfully | userId=6bcb7f95-a67a-4abe-ab3a-905f3abaa656 | file={filename=20180913_210538.png, size=78523, mimeType=image/png} | security={threats=[], scanTime=5ms}
[2025-08-09T06:54:35.939Z] [INFO] [ANTIVIRUS] File scanned successfully | userId=6bcb7f95-a67a-4abe-ab3a-905f3abaa656 | file={filename=FB_IMG_1539010025918.jpg, size=55592, mimeType=image/jpeg} | security={threats=[], scanTime=7ms}
[2025-08-09T06:54:36.213Z] [INFO] [ANTIVIRUS] File scanned successfully | userId=6bcb7f95-a67a-4abe-ab3a-905f3abaa656 | file={filename=FB_IMG_1539913059790.jpg, size=35142, mimeType=image/jpeg} | security={threats=[], scanTime=8ms}
[2025-08-09T07:13:47.846Z] [INFO] [ANTIVIRUS] File scanned successfully | userId=6bcb7f95-a67a-4abe-ab3a-905f3abaa656 | file={filename=241211 Certificado JIRA.png, size=113239, mimeType=image/png} | security={threats=[], scanTime=18ms}
[2025-08-09T07:13:48.157Z] [INFO] [ANTIVIRUS] File scanned successfully | userId=6bcb7f95-a67a-4abe-ab3a-905f3abaa656 | file={filename=David Gtz 1.jpeg, size=79057, mimeType=image/jpeg} | security={threats=[], scanTime=10ms}
[2025-08-09T07:13:48.436Z] [INFO] [ANTIVIRUS] File scanned successfully | userId=6bcb7f95-a67a-4abe-ab3a-905f3abaa656 | file={filename=Foto de perfil David Gtz.jpg, size=55829, mimeType=image/jpeg} | security={threats=[], scanTime=6ms}
[2025-08-09T07:13:49.460Z] [INFO] [ANTIVIRUS] File scanned successfully | userId=6bcb7f95-a67a-4abe-ab3a-905f3abaa656 | file={filename=Foto_de_perfil_David_Gtz-removebg (1).png, size=490731, mimeType=image/png} | security={threats=[], scanTime=6ms}
[2025-08-09T07:13:50.174Z] [INFO] [ANTIVIRUS] File scanned successfully | userId=6bcb7f95-a67a-4abe-ab3a-905f3abaa656 | file={filename=Foto_de_perfil_David_Gtz-removebg.png, size=485457, mimeType=image/png} | security={threats=[], scanTime=4ms}
[2025-08-09T07:13:50.818Z] [INFO] [ANTIVIRUS] File scanned successfully | userId=6bcb7f95-a67a-4abe-ab3a-905f3abaa656 | file={filename=Certificación SAFe 5 Scrum Master David Gutierrez.png, size=186468, mimeType=image/png} | security={threats=[], scanTime=4ms}
[2025-08-09T07:13:51.079Z] [INFO] [ANTIVIRUS] File scanned successfully | userId=6bcb7f95-a67a-4abe-ab3a-905f3abaa656 | file={filename=20180913_210538.png, size=78523, mimeType=image/png} | security={threats=[], scanTime=4ms}
[2025-08-09T07:13:51.348Z] [INFO] [ANTIVIRUS] File scanned successfully | userId=6bcb7f95-a67a-4abe-ab3a-905f3abaa656 | file={filename=FB_IMG_1539010025918.jpg, size=55592, mimeType=image/jpeg} | security={threats=[], scanTime=11ms}
[2025-08-09T07:13:51.616Z] [INFO] [ANTIVIRUS] File scanned successfully | userId=6bcb7f95-a67a-4abe-ab3a-905f3abaa656 | file={filename=FB_IMG_1539913059790.jpg, size=35142, mimeType=image/jpeg} | security={threats=[], scanTime=10ms}
[2025-08-09T07:40:39.979Z] [INFO] [ANTIVIRUS] File scanned successfully | userId=6bcb7f95-a67a-4abe-ab3a-905f3abaa656 | file={filename=241211 Certificado JIRA.png, size=113239, mimeType=image/png} | security={threats=[], scanTime=13ms}
[2025-08-09T07:40:40.703Z] [INFO] [ANTIVIRUS] File scanned successfully | userId=6bcb7f95-a67a-4abe-ab3a-905f3abaa656 | file={filename=David Gtz 1.jpeg, size=79057, mimeType=image/jpeg} | security={threats=[], scanTime=7ms}
[2025-08-09T07:40:41.976Z] [INFO] [ANTIVIRUS] File scanned successfully | userId=6bcb7f95-a67a-4abe-ab3a-905f3abaa656 | file={filename=Foto de perfil David Gtz.jpg, size=55829, mimeType=image/jpeg} | security={threats=[], scanTime=7ms}
[2025-08-09T07:40:45.611Z] [INFO] [ANTIVIRUS] File scanned successfully | userId=6bcb7f95-a67a-4abe-ab3a-905f3abaa656 | file={filename=Foto_de_perfil_David_Gtz-removebg (1).png, size=490731, mimeType=image/png} | security={threats=[], scanTime=9ms}
[2025-08-09T07:40:49.769Z] [INFO] [ANTIVIRUS] File scanned successfully | userId=6bcb7f95-a67a-4abe-ab3a-905f3abaa656 | file={filename=Foto_de_perfil_David_Gtz-removebg.png, size=485457, mimeType=image/png} | security={threats=[], scanTime=13ms}
[2025-08-09T07:40:51.665Z] [INFO] [ANTIVIRUS] File scanned successfully | userId=6bcb7f95-a67a-4abe-ab3a-905f3abaa656 | file={filename=Certificación SAFe 5 Scrum Master David Gutierrez.png, size=186468, mimeType=image/png} | security={threats=[], scanTime=11ms}
[2025-08-09T07:40:52.859Z] [INFO] [ANTIVIRUS] File scanned successfully | userId=6bcb7f95-a67a-4abe-ab3a-905f3abaa656 | file={filename=20180913_210538.png, size=78523, mimeType=image/png} | security={threats=[], scanTime=12ms}
[2025-08-09T07:40:53.692Z] [INFO] [ANTIVIRUS] File scanned successfully | userId=6bcb7f95-a67a-4abe-ab3a-905f3abaa656 | file={filename=FB_IMG_1539010025918.jpg, size=55592, mimeType=image/jpeg} | security={threats=[], scanTime=8ms}
[2025-08-09T07:40:54.318Z] [INFO] [ANTIVIRUS] File scanned successfully | userId=6bcb7f95-a67a-4abe-ab3a-905f3abaa656 | file={filename=FB_IMG_1539913059790.jpg, size=35142, mimeType=image/jpeg} | security={threats=[], scanTime=9ms}
[2025-08-16T01:09:28.524Z] [INFO] [ANTIVIRUS] File scanned successfully | userId=776207d3-0578-4b35-a13f-16adecf7c4a4 | file={filename=Modulo Recetas.pdf, size=309456, mimeType=application/pdf} | security={threats=[], scanTime=73ms}
[2025-08-16T01:23:43.488Z] [INFO] [ANTIVIRUS] File scanned successfully | userId=776207d3-0578-4b35-a13f-16adecf7c4a4 | file={filename=FB_IMG_1701438023007.jpg, size=66673, mimeType=image/jpeg} | security={threats=[], scanTime=12ms}
[2025-08-16T01:23:43.839Z] [INFO] [ANTIVIRUS] File scanned successfully | userId=776207d3-0578-4b35-a13f-16adecf7c4a4 | file={filename=FB_IMG_1701069926965.jpg, size=38210, mimeType=image/jpeg} | security={threats=[], scanTime=9ms}
[2025-08-24T03:53:58.546Z] [INFO] [ANTIVIRUS] File scanned successfully | userId=0595b916-a14c-426c-accd-f21cb328d652 | file={filename=Foto de perfil David Gtz.jpg, size=55829, mimeType=image/jpeg} | security={threats=[], scanTime=14ms}
[2025-08-24T03:54:00.352Z] [INFO] [ANTIVIRUS] File scanned successfully | userId=0595b916-a14c-426c-accd-f21cb328d652 | file={filename=Foto_de_perfil_David_Gtz-removebg (1).png, size=490731, mimeType=image/png} | security={threats=[], scanTime=15ms}
[2025-08-24T03:54:02.708Z] [INFO] [ANTIVIRUS] File scanned successfully | userId=0595b916-a14c-426c-accd-f21cb328d652 | file={filename=Foto_de_perfil_David_Gtz-removebg.png, size=485457, mimeType=image/png} | security={threats=[], scanTime=9ms}
[2025-08-24T03:54:03.453Z] [INFO] [ANTIVIRUS] File scanned successfully | userId=0595b916-a14c-426c-accd-f21cb328d652 | file={filename=Imagen Bineo.png, size=159746, mimeType=image/png} | security={threats=[], scanTime=15ms}
[2025-08-24T03:54:03.869Z] [INFO] [ANTIVIRUS] File scanned successfully | userId=0595b916-a14c-426c-accd-f21cb328d652 | file={filename=20180913_210538.png, size=78523, mimeType=image/png} | security={threats=[], scanTime=11ms}
[2025-08-24T03:54:04.276Z] [INFO] [ANTIVIRUS] File scanned successfully | userId=0595b916-a14c-426c-accd-f21cb328d652 | file={filename=FB_IMG_1539010025918.jpg, size=55592, mimeType=image/jpeg} | security={threats=[], scanTime=10ms}
[2025-08-24T03:54:04.684Z] [INFO] [ANTIVIRUS] File scanned successfully | userId=0595b916-a14c-426c-accd-f21cb328d652 | file={filename=FB_IMG_1539913059790.jpg, size=35142, mimeType=image/jpeg} | security={threats=[], scanTime=10ms}
[2025-08-29T22:36:27.877Z] [INFO] [ANTIVIRUS] File scanned successfully | userId=996c57ad-ebb4-4a75-934a-442035b6406c | file={filename=Imagen de WhatsApp 2025-08-23 a las 22.00.51_00b3e62b.jpg, size=62969, mimeType=image/jpeg} | security={threats=[], scanTime=41ms}
[2025-08-29T22:36:28.137Z] [INFO] [ANTIVIRUS] File scanned successfully | userId=996c57ad-ebb4-4a75-934a-442035b6406c | file={filename=Imagen de WhatsApp 2025-08-23 a las 22.00.52_9a938496.jpg, size=47623, mimeType=image/jpeg} | security={threats=[], scanTime=12ms}
[2025-08-29T22:36:28.441Z] [INFO] [ANTIVIRUS] File scanned successfully | userId=996c57ad-ebb4-4a75-934a-442035b6406c | file={filename=Imagen de WhatsApp 2025-08-23 a las 22.00.52_8482a228.jpg, size=83715, mimeType=image/jpeg} | security={threats=[], scanTime=8ms}
[2025-08-29T22:36:28.707Z] [INFO] [ANTIVIRUS] File scanned successfully | userId=996c57ad-ebb4-4a75-934a-442035b6406c | file={filename=Imagen de WhatsApp 2025-08-23 a las 22.00.53_8cd83a75.jpg, size=46441, mimeType=image/jpeg} | security={threats=[], scanTime=8ms}
[2025-08-29T22:36:28.994Z] [INFO] [ANTIVIRUS] File scanned successfully | userId=996c57ad-ebb4-4a75-934a-442035b6406c | file={filename=Imagen de WhatsApp 2025-08-23 a las 22.00.53_adc4246e.jpg, size=100070, mimeType=image/jpeg} | security={threats=[], scanTime=9ms}
[2025-08-29T22:36:29.265Z] [INFO] [ANTIVIRUS] File scanned successfully | userId=996c57ad-ebb4-4a75-934a-442035b6406c | file={filename=Imagen de WhatsApp 2025-08-23 a las 22.00.53_dd2d646c.jpg, size=66016, mimeType=image/jpeg} | security={threats=[], scanTime=9ms}
[2025-08-30T18:35:38.456Z] [INFO] [ANTIVIRUS] File scanned successfully | userId=996c57ad-ebb4-4a75-934a-442035b6406c | file={filename=Imagen de WhatsApp 2025-08-23 a las 22.00.53_8cd83a75.jpg, size=46441, mimeType=image/jpeg} | security={threats=[], scanTime=60ms}
[2025-08-30T18:35:39.095Z] [INFO] [ANTIVIRUS] File scanned successfully | userId=996c57ad-ebb4-4a75-934a-442035b6406c | file={filename=Imagen de WhatsApp 2025-08-23 a las 22.00.53_adc4246e.jpg, size=100070, mimeType=image/jpeg} | security={threats=[], scanTime=8ms}
[2025-08-30T18:35:39.678Z] [INFO] [ANTIVIRUS] File scanned successfully | userId=996c57ad-ebb4-4a75-934a-442035b6406c | file={filename=Imagen de WhatsApp 2025-08-23 a las 22.00.53_dd2d646c.jpg, size=66016, mimeType=image/jpeg} | security={threats=[], scanTime=8ms}
[2025-11-13T06:07:32.683Z] [INFO] [ANTIVIRUS] File scanned successfully | userId=59c46d48-4c32-4265-be5a-14504a325d2f | file={filename=20180913_210538.png, size=78523, mimeType=image/png} | security={threats=[], scanTime=23ms}
[2025-11-13T06:07:32.970Z] [INFO] [ANTIVIRUS] File scanned successfully | userId=59c46d48-4c32-4265-be5a-14504a325d2f | file={filename=FB_IMG_1539010025918.jpg, size=55592, mimeType=image/jpeg} | security={threats=[], scanTime=14ms}
[2025-11-13T06:07:33.493Z] [INFO] [ANTIVIRUS] File scanned successfully | userId=59c46d48-4c32-4265-be5a-14504a325d2f | file={filename=FB_IMG_1539913059790.jpg, size=35142, mimeType=image/jpeg} | security={threats=[], scanTime=70ms}
[2025-11-18T20:03:50.764Z] [INFO] [ANTIVIRUS] File scanned successfully | userId=3a557b7a-8dc0-42e8-bc97-47fb34e04aba | file={filename=IMG-20170604-WA0000.jpg, size=164699, mimeType=image/jpeg} | security={threats=[], scanTime=9ms}
[2025-11-18T20:03:51.445Z] [INFO] [ANTIVIRUS] File scanned successfully | userId=3a557b7a-8dc0-42e8-bc97-47fb34e04aba | file={filename=241211 Certificado JIRA.png, size=113239, mimeType=image/png} | security={threats=[], scanTime=3ms}
[2025-11-18T20:03:52.053Z] [INFO] [ANTIVIRUS] File scanned successfully | userId=3a557b7a-8dc0-42e8-bc97-47fb34e04aba | file={filename=FB_IMG_1701438023007.jpg, size=66673, mimeType=image/jpeg} | security={threats=[], scanTime=5ms}
[2025-11-18T20:03:52.613Z] [INFO] [ANTIVIRUS] File scanned successfully | userId=3a557b7a-8dc0-42e8-bc97-47fb34e04aba | file={filename=FB_IMG_1701630886842.jpg, size=30543, mimeType=image/jpeg} | security={threats=[], scanTime=5ms}
[2025-11-18T20:03:53.166Z] [INFO] [ANTIVIRUS] File scanned successfully | userId=3a557b7a-8dc0-42e8-bc97-47fb34e04aba | file={filename=FB_IMG_1702076019659.jpg, size=39666, mimeType=image/jpeg} | security={threats=[], scanTime=7ms}
[2025-11-18T20:06:53.561Z] [INFO] [ANTIVIRUS] File scanned successfully | userId=3a557b7a-8dc0-42e8-bc97-47fb34e04aba | file={filename=241211 Certificado JIRA.png, size=113239, mimeType=image/png} | security={threats=[], scanTime=4ms}
[2025-11-18T20:06:54.205Z] [INFO] [ANTIVIRUS] File scanned successfully | userId=3a557b7a-8dc0-42e8-bc97-47fb34e04aba | file={filename=FB_IMG_1701438023007.jpg, size=66673, mimeType=image/jpeg} | security={threats=[], scanTime=5ms}
[2025-11-18T20:06:54.738Z] [INFO] [ANTIVIRUS] File scanned successfully | userId=3a557b7a-8dc0-42e8-bc97-47fb34e04aba | file={filename=FB_IMG_1701439061884.jpg, size=31565, mimeType=image/jpeg} | security={threats=[], scanTime=5ms}
[2025-11-18T20:06:56.003Z] [INFO] [ANTIVIRUS] File scanned successfully | userId=3a557b7a-8dc0-42e8-bc97-47fb34e04aba | file={filename=FB_IMG_1701630886842.jpg, size=30543, mimeType=image/jpeg} | security={threats=[], scanTime=5ms}
[2025-11-19T16:10:58.610Z] [INFO] [ANTIVIRUS] File scanned successfully | userId=3a557b7a-8dc0-42e8-bc97-47fb34e04aba | file={filename=241211 Certificado JIRA.png, size=113239, mimeType=image/png} | security={threats=[], scanTime=16ms}
[2025-11-19T16:10:59.401Z] [INFO] [ANTIVIRUS] File scanned successfully | userId=3a557b7a-8dc0-42e8-bc97-47fb34e04aba | file={filename=FB_IMG_1701439061884.jpg, size=31565, mimeType=image/jpeg} | security={threats=[], scanTime=6ms}
[2025-11-19T16:10:59.958Z] [INFO] [ANTIVIRUS] File scanned successfully | userId=3a557b7a-8dc0-42e8-bc97-47fb34e04aba | file={filename=FB_IMG_1701630886842.jpg, size=30543, mimeType=image/jpeg} | security={threats=[], scanTime=5ms}
[2025-11-19T16:12:41.605Z] [INFO] [ANTIVIRUS] File scanned successfully | userId=3a557b7a-8dc0-42e8-bc97-47fb34e04aba | file={filename=241211 Certificado JIRA.png, size=113239, mimeType=image/png} | security={threats=[], scanTime=7ms}
[2025-11-19T16:12:42.399Z] [INFO] [ANTIVIRUS] File scanned successfully | userId=3a557b7a-8dc0-42e8-bc97-47fb34e04aba | file={filename=FB_IMG_1701439061884.jpg, size=31565, mimeType=image/jpeg} | security={threats=[], scanTime=6ms}
[2025-11-19T16:12:42.998Z] [INFO] [ANTIVIRUS] File scanned successfully | userId=3a557b7a-8dc0-42e8-bc97-47fb34e04aba | file={filename=FB_IMG_1701630886842.jpg, size=30543, mimeType=image/jpeg} | security={threats=[], scanTime=7ms}
[2025-11-19T16:23:00.873Z] [INFO] [ANTIVIRUS] File scanned successfully | userId=3a557b7a-8dc0-42e8-bc97-47fb34e04aba | file={filename=241211 Certificado JIRA.png, size=113239, mimeType=image/png} | security={threats=[], scanTime=12ms}
[2025-11-19T16:23:01.418Z] [INFO] [ANTIVIRUS] File scanned successfully | userId=3a557b7a-8dc0-42e8-bc97-47fb34e04aba | file={filename=FB_IMG_1701439061884.jpg, size=31565, mimeType=image/jpeg} | security={threats=[], scanTime=4ms}
[2025-11-19T16:23:02.642Z] [INFO] [ANTIVIRUS] File scanned successfully | userId=3a557b7a-8dc0-42e8-bc97-47fb34e04aba | file={filename=FB_IMG_1701630886842.jpg, size=30543, mimeType=image/jpeg} | security={threats=[], scanTime=4ms}
[2025-11-19T16:29:02.139Z] [INFO] [ANTIVIRUS] File scanned successfully | userId=3a557b7a-8dc0-42e8-bc97-47fb34e04aba | file={filename=241211 Certificado JIRA.png, size=113239, mimeType=image/png} | security={threats=[], scanTime=7ms}
[2025-11-19T16:29:02.704Z] [INFO] [ANTIVIRUS] File scanned successfully | userId=3a557b7a-8dc0-42e8-bc97-47fb34e04aba | file={filename=FB_IMG_1701439061884.jpg, size=31565, mimeType=image/jpeg} | security={threats=[], scanTime=5ms}
[2025-11-19T16:29:03.238Z] [INFO] [ANTIVIRUS] File scanned successfully | userId=3a557b7a-8dc0-42e8-bc97-47fb34e04aba | file={filename=FB_IMG_1701630886842.jpg, size=30543, mimeType=image/jpeg} | security={threats=[], scanTime=4ms}
[2025-12-22T17:40:32.333Z] [INFO] [ANTIVIRUS] File scanned successfully | userId=a823f3de-0374-4c84-a8a4-2e7ba6190420 | file={filename=20180913_210538.png, size=78523, mimeType=image/png} | security={threats=[], scanTime=92ms}
[2025-12-22T17:40:33.465Z] [INFO] [ANTIVIRUS] File scanned successfully | userId=a823f3de-0374-4c84-a8a4-2e7ba6190420 | file={filename=FB_IMG_1539010025918.jpg, size=55592, mimeType=image/jpeg} | security={threats=[], scanTime=8ms}
[2025-12-22T17:40:34.112Z] [INFO] [ANTIVIRUS] File scanned successfully | userId=a823f3de-0374-4c84-a8a4-2e7ba6190420 | file={filename=FB_IMG_1539913059790.jpg, size=35142, mimeType=image/jpeg} | security={threats=[], scanTime=8ms}
[2025-12-23T00:34:42.822Z] [INFO] [ANTIVIRUS] File scanned successfully | userId=a823f3de-0374-4c84-a8a4-2e7ba6190420 | file={filename=20180913_210538.png, size=78523, mimeType=image/png} | security={threats=[], scanTime=24ms}
[2025-12-23T00:34:43.177Z] [INFO] [ANTIVIRUS] File scanned successfully | userId=a823f3de-0374-4c84-a8a4-2e7ba6190420 | file={filename=20180913_210538.png, size=78523, mimeType=image/png} | security={threats=[], scanTime=8ms}
[2025-12-23T00:34:43.562Z] [INFO] [ANTIVIRUS] File scanned successfully | userId=a823f3de-0374-4c84-a8a4-2e7ba6190420 | file={filename=FB_IMG_1539010025918.jpg, size=55592, mimeType=image/jpeg} | security={threats=[], scanTime=12ms}
[2025-12-23T00:34:43.890Z] [INFO] [ANTIVIRUS] File scanned successfully | userId=a823f3de-0374-4c84-a8a4-2e7ba6190420 | file={filename=FB_IMG_1539010025918.jpg, size=55592, mimeType=image/jpeg} | security={threats=[], scanTime=9ms}
[2025-12-23T00:34:44.021Z] [INFO] [ANTIVIRUS] File scanned successfully | userId=a823f3de-0374-4c84-a8a4-2e7ba6190420 | file={filename=20180913_210538.png, size=78523, mimeType=image/png} | security={threats=[], scanTime=10ms}
[2025-12-23T00:34:44.223Z] [INFO] [ANTIVIRUS] File scanned successfully | userId=a823f3de-0374-4c84-a8a4-2e7ba6190420 | file={filename=FB_IMG_1539913059790.jpg, size=35142, mimeType=image/jpeg} | security={threats=[], scanTime=28ms}
[2025-12-23T00:34:44.533Z] [INFO] [ANTIVIRUS] File scanned successfully | userId=a823f3de-0374-4c84-a8a4-2e7ba6190420 | file={filename=FB_IMG_1539913059790.jpg, size=35142, mimeType=image/jpeg} | security={threats=[], scanTime=25ms}
[2025-12-23T00:34:44.773Z] [INFO] [ANTIVIRUS] File scanned successfully | userId=a823f3de-0374-4c84-a8a4-2e7ba6190420 | file={filename=FB_IMG_1539010025918.jpg, size=55592, mimeType=image/jpeg} | security={threats=[], scanTime=13ms}
[2025-12-23T00:34:44.868Z] [INFO] [ANTIVIRUS] File scanned successfully | userId=a823f3de-0374-4c84-a8a4-2e7ba6190420 | file={filename=20180913_210538.png, size=78523, mimeType=image/png} | security={threats=[], scanTime=85ms}
[2025-12-23T00:34:45.427Z] [INFO] [ANTIVIRUS] File scanned successfully | userId=a823f3de-0374-4c84-a8a4-2e7ba6190420 | file={filename=FB_IMG_1539913059790.jpg, size=35142, mimeType=image/jpeg} | security={threats=[], scanTime=9ms}
[2025-12-23T00:34:45.596Z] [INFO] [ANTIVIRUS] File scanned successfully | userId=a823f3de-0374-4c84-a8a4-2e7ba6190420 | file={filename=FB_IMG_1539010025918.jpg, size=55592, mimeType=image/jpeg} | security={threats=[], scanTime=14ms}
[2025-12-23T00:34:45.960Z] [INFO] [ANTIVIRUS] File scanned successfully | userId=a823f3de-0374-4c84-a8a4-2e7ba6190420 | file={filename=FB_IMG_1539913059790.jpg, size=35142, mimeType=image/jpeg} | security={threats=[], scanTime=11ms}
[2025-12-23T02:19:06.774Z] [INFO] [ANTIVIRUS] File scanned successfully | userId=a823f3de-0374-4c84-a8a4-2e7ba6190420 | file={filename=FB_IMG_1701069926965.jpg, size=38210, mimeType=image/jpeg} | security={threats=[], scanTime=41ms}
[2025-12-23T02:19:42.334Z] [INFO] [ANTIVIRUS] File scanned successfully | userId=a823f3de-0374-4c84-a8a4-2e7ba6190420 | file={filename=FB_IMG_1701438023007.jpg, size=66673, mimeType=image/jpeg} | security={threats=[], scanTime=11ms}
[2026-02-24T15:24:08.082Z] [INFO] [ANTIVIRUS] File scanned successfully | userId=a823f3de-0374-4c84-a8a4-2e7ba6190420 | file={filename=FB_IMG_1539010025918.jpg, size=55592, mimeType=image/jpeg} | security={threats=[], scanTime=10ms}
[2026-02-24T15:24:09.015Z] [INFO] [ANTIVIRUS] File scanned successfully | userId=a823f3de-0374-4c84-a8a4-2e7ba6190420 | file={filename=FB_IMG_1701069926965.jpg, size=38210, mimeType=image/jpeg} | security={threats=[], scanTime=6ms}
[2026-02-24T15:24:10.119Z] [INFO] [ANTIVIRUS] File scanned successfully | userId=a823f3de-0374-4c84-a8a4-2e7ba6190420 | file={filename=FB_IMG_1702076019659.jpg, size=39666, mimeType=image/jpeg} | security={threats=[], scanTime=4ms}
